# JRE version: OpenJDK Runtime Environment (11.0.10) (build 11.0.10+0-b96-7249189)
# Java VM: OpenJDK 64-Bit Server VM (11.0.10+0-b96-7249189, mixed mode, tiered, compressed oops, g1 gc, windows-amd64)
Heap:
 garbage-first heap   total 187392K, used 83640K [0x0000000080000000, 0x0000000100000000)
  region size 1024K, 36 young (36864K), 10 survivors (10240K)
 Metaspace       used 79823K, capacity 81918K, committed 81996K, reserved 1120256K
  class space    used 10460K, capacity 11267K, committed 11340K, reserved 1048576K
GC Heap History (20 events):
Event: 1.354 GC heap before
{Heap before GC invocations=3 (full 0):
 garbage-first heap   total 129024K, used 31240K [0x0000000080000000, 0x0000000100000000)
  region size 1024K, 23 young (23552K), 7 survivors (7168K)
 Metaspace       used 20542K, capacity 21096K, committed 21248K, reserved 1067008K
  class space    used 2507K, capacity 2690K, committed 2816K, reserved 1048576K
}
Event: 1.357 GC heap after
{Heap after GC invocations=4 (full 0):
 garbage-first heap   total 129024K, used 16473K [0x0000000080000000, 0x0000000100000000)
  region size 1024K, 6 young (6144K), 6 survivors (6144K)
 Metaspace       used 20542K, capacity 21096K, committed 21248K, reserved 1067008K
  class space    used 2507K, capacity 2690K, committed 2816K, reserved 1048576K
}
Event: 1.682 GC heap before
{Heap before GC invocations=5 (full 0):
 garbage-first heap   total 129024K, used 66649K [0x0000000080000000, 0x0000000100000000)
  region size 1024K, 55 young (56320K), 6 survivors (6144K)
 Metaspace       used 25720K, capacity 26364K, committed 26496K, reserved 1073152K
  class space    used 3363K, capacity 3600K, committed 3712K, reserved 1048576K
}
Event: 1.686 GC heap after
{Heap after GC invocations=6 (full 0):
 garbage-first heap   total 155648K, used 18189K [0x0000000080000000, 0x0000000100000000)
  region size 1024K, 3 young (3072K), 3 survivors (3072K)
 Metaspace       used 25720K, capacity 26364K, committed 26496K, reserved 1073152K
  class space    used 3363K, capacity 3600K, committed 3712K, reserved 1048576K
}
Event: 2.222 GC heap before
{Heap before GC invocations=6 (full 0):
 garbage-first heap   total 155648K, used 77581K [0x0000000080000000, 0x0000000100000000)
  region size 1024K, 63 young (64512K), 3 survivors (3072K)
 Metaspace       used 35001K, capacity 35830K, committed 35840K, reserved 1081344K
  class space    used 4541K, capacity 4864K, committed 4864K, reserved 1048576K
}
Event: 2.227 GC heap after
{Heap after GC invocations=7 (full 0):
 garbage-first heap   total 155648K, used 21640K [0x0000000080000000, 0x0000000100000000)
  region size 1024K, 6 young (6144K), 6 survivors (6144K)
 Metaspace       used 35001K, capacity 35830K, committed 35840K, reserved 1081344K
  class space    used 4541K, capacity 4864K, committed 4864K, reserved 1048576K
}
Event: 2.711 GC heap before
{Heap before GC invocations=8 (full 0):
 garbage-first heap   total 155648K, used 101512K [0x0000000080000000, 0x0000000100000000)
  region size 1024K, 81 young (82944K), 6 survivors (6144K)
 Metaspace       used 40715K, capacity 41680K, committed 41804K, reserved 1085440K
  class space    used 5262K, capacity 5630K, committed 5708K, reserved 1048576K
}
Event: 2.717 GC heap after
{Heap after GC invocations=9 (full 0):
 garbage-first heap   total 155648K, used 27009K [0x0000000080000000, 0x0000000100000000)
  region size 1024K, 11 young (11264K), 11 survivors (11264K)
 Metaspace       used 40715K, capacity 41680K, committed 41804K, reserved 1085440K
  class space    used 5262K, capacity 5630K, committed 5708K, reserved 1048576K
}
Event: 3.273 GC heap before
{Heap before GC invocations=9 (full 0):
 garbage-first heap   total 155648K, used 103809K [0x0000000080000000, 0x0000000100000000)
  region size 1024K, 86 young (88064K), 11 survivors (11264K)
 Metaspace       used 46642K, capacity 47919K, committed 48204K, reserved 1091584K
  class space    used 5990K, capacity 6431K, committed 6476K, reserved 1048576K
}
Event: 3.281 GC heap after
{Heap after GC invocations=10 (full 0):
 garbage-first heap   total 155648K, used 29454K [0x0000000080000000, 0x0000000100000000)
  region size 1024K, 8 young (8192K), 8 survivors (8192K)
 Metaspace       used 46642K, capacity 47919K, committed 48204K, reserved 1091584K
  class space    used 5990K, capacity 6431K, committed 6476K, reserved 1048576K
}
Event: 3.895 GC heap before
{Heap before GC invocations=10 (full 0):
 garbage-first heap   total 155648K, used 112398K [0x0000000080000000, 0x0000000100000000)
  region size 1024K, 85 young (87040K), 8 survivors (8192K)
 Metaspace       used 55491K, capacity 56898K, committed 57036K, reserved 1099776K
  class space    used 7037K, capacity 7530K, committed 7628K, reserved 1048576K
}
Event: 3.901 GC heap after
{Heap after GC invocations=11 (full 0):
 garbage-first heap   total 187392K, used 41720K [0x0000000080000000, 0x0000000100000000)
  region size 1024K, 11 young (11264K), 11 survivors (11264K)
 Metaspace       used 55491K, capacity 56898K, committed 57036K, reserved 1099776K
  class space    used 7037K, capacity 7530K, committed 7628K, reserved 1048576K
}
Event: 4.086 GC heap before
{Heap before GC invocations=11 (full 0):
 garbage-first heap   total 187392K, used 60152K [0x0000000080000000, 0x0000000100000000)
  region size 1024K, 30 young (30720K), 11 survivors (11264K)
 Metaspace       used 58565K, capacity 60049K, committed 60236K, reserved 1101824K
  class space    used 7439K, capacity 7983K, committed 8012K, reserved 1048576K
}
Event: 4.095 GC heap after
{Heap after GC invocations=12 (full 0):
 garbage-first heap   total 187392K, used 43917K [0x0000000080000000, 0x0000000100000000)
  region size 1024K, 3 young (3072K), 3 survivors (3072K)
 Metaspace       used 58565K, capacity 60049K, committed 60236K, reserved 1101824K
  class space    used 7439K, capacity 7983K, committed 8012K, reserved 1048576K
}
Event: 4.545 GC heap before
{Heap before GC invocations=13 (full 0):
 garbage-first heap   total 187392K, used 120717K [0x0000000080000000, 0x0000000100000000)
  region size 1024K, 78 young (79872K), 3 survivors (3072K)
 Metaspace       used 63753K, capacity 65345K, committed 65612K, reserved 1105920K
  class space    used 8118K, capacity 8688K, committed 8780K, reserved 1048576K
}
Event: 4.550 GC heap after
{Heap after GC invocations=14 (full 0):
 garbage-first heap   total 187392K, used 49895K [0x0000000080000000, 0x0000000100000000)
  region size 1024K, 8 young (8192K), 8 survivors (8192K)
 Metaspace       used 63753K, capacity 65345K, committed 65612K, reserved 1105920K
  class space    used 8118K, capacity 8688K, committed 8780K, reserved 1048576K
}
Event: 5.147 GC heap before
{Heap before GC invocations=14 (full 0):
 garbage-first heap   total 187392K, used 127719K [0x0000000080000000, 0x0000000100000000)
  region size 1024K, 84 young (86016K), 8 survivors (8192K)
 Metaspace       used 72150K, capacity 73846K, committed 74188K, reserved 1114112K
  class space    used 9456K, capacity 10093K, committed 10188K, reserved 1048576K
}
Event: 5.154 GC heap after
{Heap after GC invocations=15 (full 0):
 garbage-first heap   total 187392K, used 54451K [0x0000000080000000, 0x0000000100000000)
  region size 1024K, 5 young (5120K), 5 survivors (5120K)
 Metaspace       used 72150K, capacity 73846K, committed 74188K, reserved 1114112K
  class space    used 9456K, capacity 10093K, committed 10188K, reserved 1048576K
}
Event: 6.169 GC heap before
{Heap before GC invocations=15 (full 0):
 garbage-first heap   total 187392K, used 131251K [0x0000000080000000, 0x0000000100000000)
  region size 1024K, 81 young (82944K), 5 survivors (5120K)
 Metaspace       used 79433K, capacity 81634K, committed 81740K, reserved 1120256K
  class space    used 10441K, capacity 11251K, committed 11340K, reserved 1048576K
}
Event: 6.175 GC heap after
{Heap after GC invocations=16 (full 0):
 garbage-first heap   total 187392K, used 59064K [0x0000000080000000, 0x0000000100000000)
  region size 1024K, 10 young (10240K), 10 survivors (10240K)
 Metaspace       used 79433K, capacity 81634K, committed 81740K, reserved 1120256K
  class space    used 10441K, capacity 11251K, committed 11340K, reserved 1048576K
}

